<?xml version="1.0" encoding="UTF-8"?>
<!-- Generated by org.testng.reporters.JUnitReportReporter -->
<testsuite hostname="LAPTOP-PV3V3DPQ" failures="0" tests="1" name="TestFrameworkWP.KiwisaverCalculatorsPage.KiwisaverCalculatorsPageTest" time="8.010" errors="0" timestamp="10 Jul 2020 00:18:06 GMT" skipped="0">
  <testcase classname="TestFrameworkWP.KiwisaverCalculatorsPage.KiwisaverCalculatorsPageTest" name="testOpeningRetirementCalculatorPage" time="8.010"/>
</testsuite> <!-- TestFrameworkWP.KiwisaverCalculatorsPage.KiwisaverCalculatorsPageTest -->
