<?xml version="1.0" encoding="UTF-8"?>
<!-- Generated by org.testng.reporters.JUnitReportReporter -->
<testsuite hostname="LAPTOP-PV3V3DPQ" failures="0" tests="1" name="TestFrameworkWP.WP.AppTest" time="3.184" errors="0" timestamp="09 Jul 2020 23:14:33 GMT" skipped="0">
  <testcase classname="TestFrameworkWP.WP.AppTest" name="testWebsiteNavigation" time="3.184"/>
</testsuite> <!-- TestFrameworkWP.WP.AppTest -->
